----------------- Options ---------------
                      amp: False                         
                     arch: res50                         
               batch_size: 64                            
                    beta1: 0.9                           
                blur_prob: 0                             
                 blur_sig: 0.5                           
          checkpoints_dir: ./checkpoints                 
                class_bal: False                         
                  classes:                               
           continue_train: False                         
                 cropSize: 224                           
                 data_aug: False                         
                 dataroot: ./images                      	[default: ./dataset/]
                delr_freq: 20                            
            deterministic: False                         
          earlystop_epoch: 15                            
            embedding_dim: 512                           
                    epoch: latest                        
              epoch_count: 1                             
                   epochs: 1000                          
                 features: edge,texture,other            
                frame_max: -1                            
              frame_start: 0                             
             frame_stride: 1                             
          frames_per_clip: 1                             
           fusion_dropout: 0.1                           
            fusion_hidden: 512                           
              fusion_pool: attn                          
          fusion_use_gate: True                          
                  gpu_ids: 0                             
         grad_accum_steps: 1                             
                grad_clip: 0.0                           
                init_gain: 0.02                          
                init_type: normal                        
                  isTrain: True                          	[default: None]
               jpg_method: cv2                           
                 jpg_prob: 0                             
                 jpg_qual: 75                            
               last_epoch: -1                            
                 loadSize: 256                           
                loss_freq: 400                           
                       lr: 0.0001                        
     max_videos_per_class: -1                            
                     mode: binary                        
                     name: experiment_name2025_09_09_13_05_34	[default: experiment_name]
                new_optim: False                         
                  no_flip: False                         
              num_threads: 8                             
               num_towers: 3                             
                    optim: adam                          
               pin_memory: False                         
              proc_config:                               
           resize_or_crop: scale_and_crop                
                rz_interp: bilinear                      
         save_best_metric: val_acc                       
          save_epoch_freq: 20                            
         save_latest_freq: 2000                          
                    sched: cosine                        
                     seed: 1337                          
           serial_batches: False                         
      sort_frames_numeric: False                         
                   suffix:                               
                     topk: 0                             
            tower_devices:                               
              train_split: train                         
             val_dataroot: ./project/jskim/samples       
                val_epoch: 2                             
                val_split: val                           
             warmup_steps: 0                             
             weight_decay: 0.0                           
----------------- End -------------------
train.py  --dataroot  ./images
[INFO] fusion=ON (built-in at MultiTower), features=['edge', 'texture', 'other']
./images/fake/face_video_623.mp4 is processing ... 
./images/fake/face_video_623.mp4 is processed, in 29 s
./images/fake/face_video_1163.mp4 is processing ... 
./images/fake/face_video_1163.mp4 is processed, in 54 s
./images/fake/face_video_1937.mp4 is processing ... 
./images/fake/face_video_1937.mp4 is processed, in 62 s
./images/fake/face_video_847.mp4 is processing ... 
./images/fake/face_video_847.mp4 is processed, in 50 s
./images/fake/face_video_382.mp4 is processing ... 
./images/fake/face_video_382.mp4 is processed, in 58 s
./images/fake/face_video_533.mp4 is processing ... 
./images/fake/face_video_533.mp4 is processed, in 46 s
./images/fake/face_video_1807.mp4 is processing ... 
./images/fake/face_video_1807.mp4 is processed, in 92 s
./images/fake/face_video_982.mp4 is processing ... 
./images/fake/face_video_982.mp4 is processed, in 142 s
./images/fake/face_video_1371.mp4 is processing ... 
./images/fake/face_video_1371.mp4 is processed, in 26 s
./images/fake/face_video_611.mp4 is processing ... 
./images/fake/face_video_611.mp4 is processed, in 172 s
./images/fake/face_video_1307.mp4 is processing ... 
./images/fake/face_video_1307.mp4 is processed, in 26 s
./images/fake/face_video_721.mp4 is processing ... 
./images/fake/face_video_721.mp4 처리 시간 초과, 건너뜀
./images/fake/face_video_1811.mp4 is processing ... 
./images/fake/face_video_1811.mp4 is processed, in 90 s
./images/fake/face_video_1982.mp4 is processing ... 
./images/fake/face_video_1982.mp4 is processed, in 36 s
./images/fake/face_video_962.mp4 is processing ... 
./images/fake/face_video_962.mp4 is processed, in 28 s
./images/fake/face_video_1172.mp4 is processing ... 
./images/fake/face_video_1172.mp4 is processed, in 105 s
./images/fake/face_video_156.mp4 is processing ... 
./images/fake/face_video_156.mp4 is processed, in 28 s
./images/real/00172.mp4 is processing ... 
./images/real/00172.mp4 is processed, in 82 s
./images/fake/face_video_1278.mp4 is processing ... 
./images/fake/face_video_1278.mp4 is processed, in 49 s
./images/fake/face_video_1696.mp4 is processing ... 
./images/fake/face_video_1696.mp4 is processed, in 38 s
./images/real/00131.mp4 is processing ... 
./images/real/00131.mp4 is processed, in 80 s
./images/fake/face_video_11.mp4 is processing ... 
./images/fake/face_video_11.mp4 is processed, in 85 s
./images/fake/face_video_48.mp4 is processing ... 
./images/fake/face_video_48.mp4 is processed, in 53 s
./images/fake/face_video_1561.mp4 is processing ... 
./images/fake/face_video_1561.mp4 is processed, in 73 s
./images/fake/face_video_1750.mp4 is processing ... 
./images/fake/face_video_1750.mp4 is processed, in 97 s
./images/fake/face_video_506.mp4 is processing ... 
./images/fake/face_video_506.mp4 is processed, in 143 s
./images/fake/face_video_874.mp4 is processing ... 
./images/fake/face_video_874.mp4 is processed, in 42 s
./images/fake/face_video_470.mp4 is processing ... 
./images/fake/face_video_470.mp4 is processed, in 43 s
./images/fake/face_video_1237.mp4 is processing ... 
./images/fake/face_video_1237.mp4 is processed, in 250 s
./images/fake/face_video_1801.mp4 is processing ... 
./images/fake/face_video_1801.mp4 is processed, in 54 s
./images/fake/face_video_1022.mp4 is processing ... 
./images/fake/face_video_1022.mp4 is processed, in 67 s
./images/fake/face_video_99.mp4 is processing ... 
./images/fake/face_video_99.mp4 is processed, in 156 s
./images/fake/face_video_1118.mp4 is processing ... 
./images/fake/face_video_1118.mp4 is processed, in 85 s
./images/fake/face_video_484.mp4 is processing ... 
./images/fake/face_video_484.mp4 is processed, in 101 s
./images/fake/face_video_1755.mp4 is processing ... 
./images/fake/face_video_1755.mp4 is processed, in 62 s
./images/fake/face_video_1652.mp4 is processing ... 
./images/fake/face_video_1652.mp4 is processed, in 87 s
./images/fake/face_video_1886.mp4 is processing ... 
./images/fake/face_video_1886.mp4 is processed, in 25 s
./images/fake/face_video_770.mp4 is processing ... 
./images/fake/face_video_770.mp4 is processed, in 38 s
./images/real/00068.mp4 is processing ... 
./images/real/00068.mp4 is processed, in 24 s
./images/real/00130.mp4 is processing ... 
./images/real/00130.mp4 is processed, in 84 s
./images/fake/face_video_357.mp4 is processing ... 
./images/fake/face_video_357.mp4 is processed, in 34 s
./images/fake/face_video_1246.mp4 is processing ... 
./images/fake/face_video_1246.mp4 is processed, in 43 s
./images/fake/face_video_138.mp4 is processing ... 
./images/fake/face_video_138.mp4 is processed, in 47 s
./images/real/00028.mp4 is processing ... 
./images/real/00028.mp4 is processed, in 60 s
./images/real/00223.mp4 is processing ... 
./images/real/00223.mp4 is processed, in 30 s
./images/real/00313.mp4 is processing ... 
./images/real/00313.mp4 is processed, in 36 s
./images/fake/face_video_480.mp4 is processing ... 
./images/fake/face_video_480.mp4 is processed, in 37 s
./images/fake/face_video_1783.mp4 is processing ... 
./images/fake/face_video_1783.mp4 is processed, in 61 s
./images/fake/face_video_904.mp4 is processing ... 
./images/fake/face_video_904.mp4 is processed, in 40 s
./images/real/00037.mp4 is processing ... 
./images/real/00037.mp4 is processed, in 113 s
./images/real/00186.mp4 is processing ... 
./images/real/00186.mp4 is processed, in 93 s
./images/fake/face_video_269.mp4 is processing ... 
./images/fake/face_video_269.mp4 is processed, in 22 s
./images/fake/face_video_1513.mp4 is processing ... 
./images/fake/face_video_1513.mp4 is processed, in 81 s
./images/fake/face_video_60.mp4 is processing ... 
./images/fake/face_video_60.mp4 is processed, in 29 s
./images/fake/face_video_1803.mp4 is processing ... 
./images/fake/face_video_1803.mp4 is processed, in 47 s
./images/fake/face_video_828.mp4 is processing ... 
./images/fake/face_video_828.mp4 is processed, in 34 s
./images/fake/face_video_221.mp4 is processing ... 
./images/fake/face_video_221.mp4 is processed, in 78 s
./images/fake/face_video_229.mp4 is processing ... 
./images/fake/face_video_229.mp4 is processed, in 28 s
./images/real/00048.mp4 is processing ... 
./images/real/00048.mp4 is processed, in 24 s
./images/fake/face_video_1677.mp4 is processing ... 
./images/fake/face_video_1677.mp4 is processed, in 115 s
./images/fake/face_video_803.mp4 is processing ... 
./images/fake/face_video_803.mp4 is processed, in 75 s
./images/fake/face_video_1397.mp4 is processing ... 
./images/fake/face_video_1397.mp4 is processed, in 32 s
./images/fake/face_video_232.mp4 is processing ... 
./images/fake/face_video_232.mp4 is processed, in 53 s
./images/fake/face_video_1520.mp4 is processing ... 
./images/fake/face_video_1520.mp4 is processed, in 63 s
./images/real/00150.mp4 is processing ... 
./images/real/00150.mp4 is processed, in 39 s
./images/fake/face_video_1349.mp4 is processing ... 
./images/fake/face_video_1349.mp4 is processed, in 213 s
./images/fake/face_video_769.mp4 is processing ... 
./images/fake/face_video_769.mp4 is processed, in 37 s
./images/fake/face_video_557.mp4 is processing ... 
./images/fake/face_video_557.mp4 is processed, in 103 s
./images/real/00190.mp4 is processing ... 
./images/real/00190.mp4 is processed, in 89 s
./images/real/00217.mp4 is processing ... 
./images/real/00217.mp4 is processed, in 11 s
./images/fake/face_video_1322.mp4 is processing ... 
./images/fake/face_video_1322.mp4 is processed, in 68 s
./images/real/00331.mp4 is processing ... 
./images/real/00331.mp4 is processed, in 77 s
./images/fake/face_video_1166.mp4 is processing ... 
./images/fake/face_video_1166.mp4 is processed, in 35 s
./images/fake/face_video_1352.mp4 is processing ... 
./images/fake/face_video_1352.mp4 is processed, in 40 s
./images/fake/face_video_2009.mp4 is processing ... 
./images/fake/face_video_2009.mp4 is processed, in 162 s
./images/fake/face_video_1631.mp4 is processing ... 
./images/fake/face_video_1631.mp4 is processed, in 117 s
./images/fake/face_video_729.mp4 is processing ... 
./images/fake/face_video_729.mp4 is processed, in 160 s
./images/fake/face_video_1087.mp4 is processing ... 
./images/fake/face_video_1087.mp4 is processed, in 40 s
./images/fake/face_video_324.mp4 is processing ... 
./images/fake/face_video_324.mp4 is processed, in 40 s
./images/fake/face_video_68.mp4 is processing ... 
./images/fake/face_video_68.mp4 is processed, in 64 s
./images/fake/face_video_1962.mp4 is processing ... 
./images/fake/face_video_1962.mp4 is processed, in 24 s
./images/fake/face_video_604.mp4 is processing ... 
./images/fake/face_video_604.mp4 is processed, in 63 s
./images/real/00101.mp4 is processing ... 
./images/real/00101.mp4 is processed, in 12 s
./images/fake/face_video_403.mp4 is processing ... 
./images/fake/face_video_403.mp4 is processed, in 71 s
./images/fake/face_video_825.mp4 is processing ... 
./images/fake/face_video_825.mp4 is processed, in 36 s
./images/fake/face_video_733.mp4 is processing ... 
./images/fake/face_video_733.mp4 is processed, in 31 s
./images/fake/face_video_1688.mp4 is processing ... 
./images/fake/face_video_1688.mp4 is processed, in 56 s
./images/fake/face_video_2035.mp4 is processing ... 
./images/fake/face_video_2035.mp4 is processed, in 69 s
./images/real/00216.mp4 is processing ... 
./images/real/00216.mp4 is processed, in 13 s
./images/fake/face_video_867.mp4 is processing ... 
./images/fake/face_video_867.mp4 is processed, in 48 s
./images/fake/face_video_663.mp4 is processing ... 
./images/fake/face_video_663.mp4 is processed, in 116 s
./images/fake/face_video_1208.mp4 is processing ... 
./images/fake/face_video_1208.mp4 is processed, in 47 s
./images/fake/face_video_1344.mp4 is processing ... 
./images/fake/face_video_1344.mp4 is processed, in 102 s
./images/fake/face_video_1259.mp4 is processing ... 
./images/fake/face_video_1259.mp4 is processed, in 32 s
./images/fake/face_video_777.mp4 is processing ... 
./images/fake/face_video_777.mp4 is processed, in 57 s
./images/fake/face_video_1273.mp4 is processing ... 
./images/fake/face_video_1273.mp4 is processed, in 166 s
./images/fake/face_video_1441.mp4 is processing ... 
./images/fake/face_video_1441.mp4 is processed, in 75 s
./images/fake/face_video_690.mp4 is processing ... 
./images/fake/face_video_690.mp4 is processed, in 140 s
./images/fake/face_video_1390.mp4 is processing ... 
./images/fake/face_video_1390.mp4 is processed, in 51 s
./images/fake/face_video_1945.mp4 is processing ... 
./images/fake/face_video_1945.mp4 is processed, in 227 s
./images/fake/face_video_31.mp4 is processing ... 
./images/fake/face_video_31.mp4 is processed, in 109 s
./images/real/00243.mp4 is processing ... 
./images/real/00243.mp4 is processed, in 61 s
./images/fake/face_video_630.mp4 is processing ... 
./images/fake/face_video_630.mp4 is processed, in 155 s
./images/fake/face_video_849.mp4 is processing ... 
./images/fake/face_video_849.mp4 is processed, in 101 s
./images/fake/face_video_1071.mp4 is processing ... 
./images/fake/face_video_1071.mp4 is processed, in 60 s
./images/fake/face_video_1265.mp4 is processing ... 
./images/fake/face_video_1265.mp4 is processed, in 67 s
./images/fake/face_video_668.mp4 is processing ... 
./images/fake/face_video_668.mp4 is processed, in 34 s
./images/fake/face_video_179.mp4 is processing ... 
./images/fake/face_video_179.mp4 is processed, in 97 s
./images/fake/face_video_1603.mp4 is processing ... 
./images/fake/face_video_1603.mp4 is processed, in 27 s
./images/fake/face_video_903.mp4 is processing ... 
./images/fake/face_video_903.mp4 is processed, in 71 s
./images/real/00011.mp4 is processing ... 
./images/real/00011.mp4 is processed, in 53 s
./images/fake/face_video_3.mp4 is processing ... 
./images/fake/face_video_3.mp4 is processed, in 49 s
./images/fake/face_video_1553.mp4 is processing ... 
./images/fake/face_video_1553.mp4 is processed, in 181 s
./images/fake/face_video_376.mp4 is processing ... 
./images/fake/face_video_376.mp4 is processed, in 42 s
./images/fake/face_video_1234.mp4 is processing ... 
./images/fake/face_video_1234.mp4 is processed, in 164 s
./images/real/00340.mp4 is processing ... 
./images/real/00340.mp4 is processed, in 91 s
./images/fake/face_video_534.mp4 is processing ... 
./images/fake/face_video_534.mp4 is processed, in 55 s
./images/fake/face_video_1814.mp4 is processing ... 
./images/fake/face_video_1814.mp4 is processed, in 31 s
./images/fake/face_video_146.mp4 is processing ... 
./images/fake/face_video_146.mp4 is processed, in 54 s
./images/fake/face_video_1418.mp4 is processing ... 
./images/fake/face_video_1418.mp4 is processed, in 81 s
./images/fake/face_video_337.mp4 is processing ... 
./images/fake/face_video_337.mp4 is processed, in 112 s
./images/fake/face_video_845.mp4 is processing ... 
./images/fake/face_video_845.mp4 is processed, in 37 s
./images/fake/face_video_510.mp4 is processing ... 
./images/fake/face_video_510.mp4 is processed, in 85 s
./images/fake/face_video_1072.mp4 is processing ... 
./images/fake/face_video_1072.mp4 is processed, in 24 s
./images/real/00128.mp4 is processing ... 
./images/real/00128.mp4 is processed, in 71 s
./images/fake/face_video_302.mp4 is processing ... 
./images/fake/face_video_302.mp4 is processed, in 93 s
./images/fake/face_video_1766.mp4 is processing ... 
./images/fake/face_video_1766.mp4 is processed, in 22 s
./images/fake/face_video_1896.mp4 is processing ... 
./images/fake/face_video_1896.mp4 is processed, in 43 s
./images/fake/face_video_1804.mp4 is processing ... 
./images/fake/face_video_1804.mp4 is processed, in 53 s
./images/fake/face_video_246.mp4 is processing ... 
./images/fake/face_video_246.mp4 is processed, in 23 s
./images/fake/face_video_1364.mp4 is processing ... 
./images/fake/face_video_1364.mp4 is processed, in 104 s
./images/fake/face_video_766.mp4 is processing ... 
./images/fake/face_video_766.mp4 is processed, in 80 s
./images/fake/face_video_1360.mp4 is processing ... 
./images/fake/face_video_1360.mp4 is processed, in 53 s
./images/fake/face_video_1604.mp4 is processing ... 
./images/fake/face_video_1604.mp4 is processed, in 108 s
./images/fake/face_video_1717.mp4 is processing ... 
./images/fake/face_video_1717.mp4 is processed, in 87 s
./images/fake/face_video_442.mp4 is processing ... 
./images/fake/face_video_442.mp4 is processed, in 39 s
./images/real/00310.mp4 is processing ... 
./images/real/00310.mp4 is processed, in 65 s
./images/fake/face_video_1004.mp4 is processing ... 
./images/fake/face_video_1004.mp4 is processed, in 47 s
./images/fake/face_video_1267.mp4 is processing ... 
./images/fake/face_video_1267.mp4 is processed, in 55 s
./images/fake/face_video_311.mp4 is processing ... 
./images/fake/face_video_311.mp4 is processed, in 80 s
./images/fake/face_video_848.mp4 is processing ... 
./images/fake/face_video_848.mp4 is processed, in 30 s
./images/fake/face_video_77.mp4 is processing ... 
./images/fake/face_video_77.mp4 is processed, in 39 s
./images/fake/face_video_1947.mp4 is processing ... 
./images/fake/face_video_1947.mp4 is processed, in 43 s
./images/fake/face_video_1413.mp4 is processing ... 
./images/fake/face_video_1413.mp4 is processed, in 62 s
./images/fake/face_video_1884.mp4 is processing ... 
./images/fake/face_video_1884.mp4 is processed, in 88 s
./images/fake/face_video_1036.mp4 is processing ... 
./images/fake/face_video_1036.mp4 is processed, in 48 s
./images/fake/face_video_1196.mp4 is processing ... 
./images/fake/face_video_1196.mp4 is processed, in 246 s
./images/fake/face_video_590.mp4 is processing ... 
./images/fake/face_video_590.mp4 is processed, in 27 s
./images/fake/face_video_394.mp4 is processing ... 
./images/fake/face_video_394.mp4 is processed, in 177 s
./images/fake/face_video_326.mp4 is processing ... 
./images/fake/face_video_326.mp4 is processed, in 97 s
./images/fake/face_video_1673.mp4 is processing ... 
./images/fake/face_video_1673.mp4 is processed, in 98 s
./images/fake/face_video_482.mp4 is processing ... 
./images/fake/face_video_482.mp4 is processed, in 52 s
./images/fake/face_video_679.mp4 is processing ... 
./images/fake/face_video_679.mp4 is processed, in 31 s
./images/fake/face_video_1777.mp4 is processing ... 
./images/fake/face_video_1777.mp4 is processed, in 90 s
./images/fake/face_video_1279.mp4 is processing ... 
./images/fake/face_video_1279.mp4 is processed, in 38 s
./images/fake/face_video_211.mp4 is processing ... 
./images/fake/face_video_211.mp4 is processed, in 22 s
./images/fake/face_video_1468.mp4 is processing ... 
./images/fake/face_video_1468.mp4 is processed, in 64 s
./images/real/00003.mp4 is processing ... 
./images/real/00003.mp4 is processed, in 18 s
./images/fake/face_video_401.mp4 is processing ... 
./images/fake/face_video_401.mp4 is processed, in 97 s
./images/fake/face_video_1719.mp4 is processing ... 
./images/fake/face_video_1719.mp4 is processed, in 31 s
./images/fake/face_video_243.mp4 is processing ... 
./images/fake/face_video_243.mp4 is processed, in 61 s
./images/fake/face_video_595.mp4 is processing ... 
./images/fake/face_video_595.mp4 is processed, in 155 s
./images/fake/face_video_1161.mp4 is processing ... 
./images/fake/face_video_1161.mp4 is processed, in 139 s
./images/real/00225.mp4 is processing ... 
./images/real/00225.mp4 is processed, in 99 s
./images/fake/face_video_1048.mp4 is processing ... 
./images/fake/face_video_1048.mp4 is processed, in 55 s
./images/fake/face_video_1592.mp4 is processing ... 
./images/fake/face_video_1592.mp4 처리 시간 초과, 건너뜀
./images/fake/face_video_351.mp4 is processing ... 
./images/fake/face_video_351.mp4 처리 시간 초과, 건너뜀
./images/fake/face_video_1857.mp4 is processing ... 
./images/fake/face_video_1857.mp4 is processed, in 47 s
./images/fake/face_video_771.mp4 is processing ... 
./images/fake/face_video_771.mp4 is processed, in 23 s
./images/fake/face_video_1891.mp4 is processing ... 
./images/fake/face_video_1891.mp4 is processed, in 56 s
./images/fake/face_video_925.mp4 is processing ... 
./images/fake/face_video_925.mp4 is processed, in 60 s
./images/fake/face_video_1987.mp4 is processing ... 
./images/fake/face_video_1987.mp4 is processed, in 44 s
./images/fake/face_video_842.mp4 is processing ... 
./images/fake/face_video_842.mp4 is processed, in 117 s
./images/fake/face_video_786.mp4 is processing ... 
./images/fake/face_video_786.mp4 is processed, in 76 s
./images/fake/face_video_541.mp4 is processing ... 
./images/fake/face_video_541.mp4 is processed, in 115 s
./images/fake/face_video_6.mp4 is processing ... 
./images/fake/face_video_6.mp4 is processed, in 131 s
./images/fake/face_video_1806.mp4 is processing ... 
./images/fake/face_video_1806.mp4 is processed, in 88 s
./images/fake/face_video_1280.mp4 is processing ... 
./images/fake/face_video_1280.mp4 is processed, in 148 s
./images/fake/face_video_890.mp4 is processing ... 
./images/fake/face_video_890.mp4 is processed, in 51 s
./images/fake/face_video_2000.mp4 is processing ... 
./images/fake/face_video_2000.mp4 is processed, in 42 s
./images/fake/face_video_1525.mp4 is processing ... 
./images/fake/face_video_1525.mp4 is processed, in 71 s
./images/real/00339.mp4 is processing ... 
./images/real/00339.mp4 is processed, in 57 s
./images/fake/face_video_1805.mp4 is processing ... 
./images/fake/face_video_1805.mp4 is processed, in 59 s
./images/fake/face_video_115.mp4 is processing ... 
./images/fake/face_video_115.mp4 is processed, in 74 s
./images/fake/face_video_128.mp4 is processing ... 
./images/fake/face_video_128.mp4 is processed, in 62 s
./images/fake/face_video_586.mp4 is processing ... 
./images/fake/face_video_586.mp4 is processed, in 35 s
./images/fake/face_video_1758.mp4 is processing ... 
./images/fake/face_video_1758.mp4 is processed, in 24 s
./images/fake/face_video_546.mp4 is processing ... 
./images/fake/face_video_546.mp4 is processed, in 29 s
./images/fake/face_video_1823.mp4 is processing ... 
./images/fake/face_video_1823.mp4 is processed, in 31 s
./images/fake/face_video_84.mp4 is processing ... 
./images/fake/face_video_84.mp4 is processed, in 37 s
./images/fake/face_video_1213.mp4 is processing ... 
./images/fake/face_video_1213.mp4 is processed, in 39 s
./images/fake/face_video_1003.mp4 is processing ... 
./images/fake/face_video_1003.mp4 is processed, in 32 s
./images/fake/face_video_1264.mp4 is processing ... 
./images/fake/face_video_1264.mp4 is processed, in 35 s
./images/fake/face_video_368.mp4 is processing ... 
./images/fake/face_video_368.mp4 is processed, in 63 s
./images/fake/face_video_1782.mp4 is processing ... 
./images/fake/face_video_1782.mp4 is processed, in 50 s
./images/fake/face_video_1244.mp4 is processing ... 
./images/fake/face_video_1244.mp4 is processed, in 25 s
./images/real/00299.mp4 is processing ... 
./images/real/00299.mp4 is processed, in 81 s
./images/fake/face_video_563.mp4 is processing ... 
./images/fake/face_video_563.mp4 is processed, in 184 s
./images/fake/face_video_569.mp4 is processing ... 
./images/fake/face_video_569.mp4 is processed, in 54 s
./images/fake/face_video_1853.mp4 is processing ... 
./images/fake/face_video_1853.mp4 is processed, in 24 s
./images/real/00197.mp4 is processing ... 
./images/real/00197.mp4 is processed, in 76 s
./images/fake/face_video_701.mp4 is processing ... 
./images/fake/face_video_701.mp4 is processed, in 31 s
./images/fake/face_video_1585.mp4 is processing ... 
./images/fake/face_video_1585.mp4 is processed, in 72 s
./images/fake/face_video_600.mp4 is processing ... 
./images/fake/face_video_600.mp4 is processed, in 92 s
./images/fake/face_video_1098.mp4 is processing ... 
./images/fake/face_video_1098.mp4 is processed, in 83 s
./images/fake/face_video_181.mp4 is processing ... 
./images/fake/face_video_181.mp4 is processed, in 35 s
./images/fake/face_video_1715.mp4 is processing ... 
./images/fake/face_video_1715.mp4 is processed, in 36 s
./images/fake/face_video_1009.mp4 is processing ... 
./images/fake/face_video_1009.mp4 is processed, in 53 s
./images/fake/face_video_1741.mp4 is processing ... 
./images/fake/face_video_1741.mp4 is processed, in 60 s
./images/real/00004.mp4 is processing ... 
./images/real/00004.mp4 is processed, in 14 s
./images/fake/face_video_1893.mp4 is processing ... 
./images/fake/face_video_1893.mp4 is processed, in 22 s
./images/fake/face_video_1724.mp4 is processing ... 
./images/fake/face_video_1724.mp4 is processed, in 37 s
./images/fake/face_video_1370.mp4 is processing ... 
./images/fake/face_video_1370.mp4 is processed, in 34 s
./images/fake/face_video_135.mp4 is processing ... 
./images/fake/face_video_135.mp4 is processed, in 46 s
./images/fake/face_video_150.mp4 is processing ... 
./images/fake/face_video_150.mp4 is processed, in 63 s
./images/fake/face_video_1442.mp4 is processing ... 
./images/fake/face_video_1442.mp4 is processed, in 52 s
./images/fake/face_video_1023.mp4 is processing ... 
./images/fake/face_video_1023.mp4 is processed, in 55 s
./images/fake/face_video_881.mp4 is processing ... 
./images/fake/face_video_881.mp4 is processed, in 59 s
./images/fake/face_video_1916.mp4 is processing ... 
./images/fake/face_video_1916.mp4 is processed, in 68 s
./images/fake/face_video_1531.mp4 is processing ... 
./images/fake/face_video_1531.mp4 is processed, in 202 s
./images/real/00208.mp4 is processing ... 
./images/real/00208.mp4 is processed, in 11 s
./images/fake/face_video_1834.mp4 is processing ... 
./images/fake/face_video_1834.mp4 is processed, in 24 s
./images/fake/face_video_638.mp4 is processing ... 
./images/fake/face_video_638.mp4 is processed, in 48 s
./images/fake/face_video_1005.mp4 is processing ... 
./images/fake/face_video_1005.mp4 is processed, in 45 s
./images/fake/face_video_1968.mp4 is processing ... 
./images/fake/face_video_1968.mp4 is processed, in 44 s
./images/real/00059.mp4 is processing ... 
./images/real/00059.mp4 is processed, in 45 s
./images/fake/face_video_1092.mp4 is processing ... 
./images/fake/face_video_1092.mp4 is processed, in 28 s
./images/real/00294.mp4 is processing ... 
./images/real/00294.mp4 is processed, in 79 s
./images/fake/face_video_1482.mp4 is processing ... 
./images/fake/face_video_1482.mp4 is processed, in 104 s
./images/real/00296.mp4 is processing ... 
./images/real/00296.mp4 is processed, in 115 s
./images/fake/face_video_1099.mp4 is processing ... 
./images/fake/face_video_1099.mp4 is processed, in 103 s
./images/fake/face_video_1660.mp4 is processing ... 
./images/fake/face_video_1660.mp4 is processed, in 103 s
./images/fake/face_video_525.mp4 is processing ... 
./images/fake/face_video_525.mp4 is processed, in 95 s
./images/fake/face_video_1424.mp4 is processing ... 
./images/fake/face_video_1424.mp4 is processed, in 35 s
./images/real/00044.mp4 is processing ... 
./images/real/00044.mp4 is processed, in 110 s
./images/fake/face_video_453.mp4 is processing ... 
./images/fake/face_video_453.mp4 is processed, in 113 s
./images/fake/face_video_2012.mp4 is processing ... 
./images/fake/face_video_2012.mp4 is processed, in 63 s
./images/fake/face_video_314.mp4 is processing ... 
./images/fake/face_video_314.mp4 is processed, in 56 s
./images/real/00304.mp4 is processing ... 
./images/real/00304.mp4 is processed, in 100 s
./images/fake/face_video_1815.mp4 is processing ... 
./images/fake/face_video_1815.mp4 is processed, in 54 s
./images/fake/face_video_944.mp4 is processing ... 
./images/fake/face_video_944.mp4 is processed, in 50 s
./images/fake/face_video_483.mp4 is processing ... 
./images/fake/face_video_483.mp4 is processed, in 42 s
./images/fake/face_video_154.mp4 is processing ... 
./images/fake/face_video_154.mp4 is processed, in 31 s
./images/real/00285.mp4 is processing ... 
./images/real/00285.mp4 is processed, in 58 s
./images/real/00026.mp4 is processing ... 
./images/real/00026.mp4 is processed, in 23 s
./images/fake/face_video_1852.mp4 is processing ... 
./images/fake/face_video_1852.mp4 is processed, in 35 s
./images/fake/face_video_1844.mp4 is processing ... 
./images/fake/face_video_1844.mp4 is processed, in 31 s
./images/fake/face_video_1106.mp4 is processing ... 
./images/fake/face_video_1106.mp4 is processed, in 24 s
./images/fake/face_video_1026.mp4 is processing ... 
./images/fake/face_video_1026.mp4 is processed, in 70 s
./images/fake/face_video_1485.mp4 is processing ... 
./images/fake/face_video_1485.mp4 is processed, in 23 s
./images/fake/face_video_1028.mp4 is processing ... 
./images/fake/face_video_1028.mp4 is processed, in 43 s
./images/fake/face_video_288.mp4 is processing ... 
./images/fake/face_video_288.mp4 is processed, in 37 s
./images/fake/face_video_457.mp4 is processing ... 
./images/fake/face_video_457.mp4 is processed, in 33 s
./images/real/00093.mp4 is processing ... 
./images/real/00093.mp4 is processed, in 75 s
./images/fake/face_video_726.mp4 is processing ... 
./images/fake/face_video_726.mp4 처리 시간 초과, 건너뜀
./images/fake/face_video_217.mp4 is processing ... 
./images/fake/face_video_217.mp4 is processed, in 46 s
./images/fake/face_video_565.mp4 is processing ... 
./images/fake/face_video_565.mp4 is processed, in 35 s
./images/fake/face_video_502.mp4 is processing ... 
./images/fake/face_video_502.mp4 is processed, in 43 s
./images/fake/face_video_1713.mp4 is processing ... 
./images/fake/face_video_1713.mp4 is processed, in 22 s
./images/fake/face_video_1434.mp4 is processing ... 
./images/fake/face_video_1434.mp4 is processed, in 161 s
./images/fake/face_video_1645.mp4 is processing ... 
./images/fake/face_video_1645.mp4 is processed, in 58 s
./images/fake/face_video_804.mp4 is processing ... 
./images/fake/face_video_804.mp4 is processed, in 24 s
./images/fake/face_video_1061.mp4 is processing ... 
./images/fake/face_video_1061.mp4 is processed, in 59 s
./images/fake/face_video_475.mp4 is processing ... 
./images/fake/face_video_475.mp4 is processed, in 62 s
./images/fake/face_video_1570.mp4 is processing ... 
./images/fake/face_video_1570.mp4 is processed, in 31 s
./images/fake/face_video_1711.mp4 is processing ... 
./images/fake/face_video_1711.mp4 is processed, in 77 s
./images/fake/face_video_1528.mp4 is processing ... 
./images/fake/face_video_1528.mp4 is processed, in 32 s
./images/fake/face_video_1115.mp4 is processing ... 
./images/fake/face_video_1115.mp4 is processed, in 21 s
./images/real/00105.mp4 is processing ... 
./images/real/00105.mp4 is processed, in 37 s
./images/fake/face_video_118.mp4 is processing ... 
./images/fake/face_video_118.mp4 is processed, in 201 s
./images/fake/face_video_2089.mp4 is processing ... 
./images/fake/face_video_2089.mp4 is processed, in 32 s
./images/fake/face_video_819.mp4 is processing ... 
./images/fake/face_video_819.mp4 is processed, in 29 s
./images/fake/face_video_1718.mp4 is processing ... 
./images/fake/face_video_1718.mp4 is processed, in 41 s
./images/fake/face_video_1372.mp4 is processing ... 
./images/fake/face_video_1372.mp4 is processed, in 36 s
./images/fake/face_video_1411.mp4 is processing ... 
./images/fake/face_video_1411.mp4 is processed, in 73 s
./images/fake/face_video_1656.mp4 is processing ... 
./images/fake/face_video_1656.mp4 is processed, in 59 s
./images/fake/face_video_1725.mp4 is processing ... 
./images/fake/face_video_1725.mp4 is processed, in 23 s
./images/fake/face_video_508.mp4 is processing ... 
./images/fake/face_video_508.mp4 is processed, in 26 s
./images/fake/face_video_602.mp4 is processing ... 
./images/fake/face_video_602.mp4 is processed, in 58 s
./images/real/00027.mp4 is processing ... 
./images/real/00027.mp4 is processed, in 19 s
./images/real/00290.mp4 is processing ... 
./images/real/00290.mp4 is processed, in 98 s
./images/fake/face_video_1101.mp4 is processing ... 
./images/fake/face_video_1101.mp4 is processed, in 22 s
./images/real/00220.mp4 is processing ... 
./images/real/00220.mp4 is processed, in 21 s
./images/fake/face_video_1366.mp4 is processing ... 
./images/fake/face_video_1366.mp4 is processed, in 29 s
./images/real/00302.mp4 is processing ... 
./images/real/00302.mp4 is processed, in 81 s
./images/fake/face_video_876.mp4 is processing ... 
./images/fake/face_video_876.mp4 is processed, in 36 s
./images/real/00097.mp4 is processing ... 
./images/real/00097.mp4 is processed, in 63 s
./images/real/00146.mp4 is processing ... 
./images/real/00146.mp4 is processed, in 23 s
./images/fake/face_video_1675.mp4 is processing ... 
./images/fake/face_video_1675.mp4 is processed, in 297 s
./images/fake/face_video_528.mp4 is processing ... 
./images/fake/face_video_528.mp4 is processed, in 38 s
./images/fake/face_video_1100.mp4 is processing ... 
./images/fake/face_video_1100.mp4 is processed, in 88 s
./images/fake/face_video_26.mp4 is processing ... 
./images/fake/face_video_26.mp4 is processed, in 35 s
./images/fake/face_video_1173.mp4 is processing ... 
./images/fake/face_video_1173.mp4 is processed, in 119 s
./images/fake/face_video_863.mp4 is processing ... 
./images/fake/face_video_863.mp4 is processed, in 32 s
./images/fake/face_video_1618.mp4 is processing ... 
./images/fake/face_video_1618.mp4 is processed, in 23 s
./images/fake/face_video_71.mp4 is processing ... 
./images/fake/face_video_71.mp4 is processed, in 39 s
./images/fake/face_video_672.mp4 is processing ... 
./images/fake/face_video_672.mp4 is processed, in 21 s
./images/real/00076.mp4 is processing ... 
./images/real/00076.mp4 is processed, in 10 s
./images/fake/face_video_1760.mp4 is processing ... 
./images/fake/face_video_1760.mp4 is processed, in 35 s
./images/fake/face_video_315.mp4 is processing ... 
./images/fake/face_video_315.mp4 is processed, in 50 s
./images/fake/face_video_1816.mp4 is processing ... 
./images/fake/face_video_1816.mp4 is processed, in 38 s
./images/fake/face_video_699.mp4 is processing ... 
./images/fake/face_video_699.mp4 is processed, in 29 s
./images/real/00306.mp4 is processing ... 
./images/real/00306.mp4 is processed, in 73 s
./images/fake/face_video_1622.mp4 is processing ... 
./images/fake/face_video_1622.mp4 is processed, in 234 s
./images/fake/face_video_815.mp4 is processing ... 
./images/fake/face_video_815.mp4 is processed, in 75 s
./images/fake/face_video_745.mp4 is processing ... 
./images/fake/face_video_745.mp4 is processed, in 32 s
./images/fake/face_video_1160.mp4 is processing ... 
./images/fake/face_video_1160.mp4 is processed, in 116 s
./images/fake/face_video_1894.mp4 is processing ... 
./images/fake/face_video_1894.mp4 is processed, in 27 s
./images/fake/face_video_926.mp4 is processing ... 
./images/fake/face_video_926.mp4 is processed, in 43 s
./images/fake/face_video_882.mp4 is processing ... 
./images/fake/face_video_882.mp4 is processed, in 47 s
./images/fake/face_video_1565.mp4 is processing ... 
./images/fake/face_video_1565.mp4 is processed, in 47 s
./images/fake/face_video_1284.mp4 is processing ... 
./images/fake/face_video_1284.mp4 is processed, in 34 s
./images/fake/face_video_1694.mp4 is processing ... 
./images/fake/face_video_1694.mp4 is processed, in 26 s
./images/fake/face_video_1340.mp4 is processing ... 
./images/fake/face_video_1340.mp4 is processed, in 45 s
./images/real/00338.mp4 is processing ... 
./images/real/00338.mp4 is processed, in 54 s
./images/fake/face_video_606.mp4 is processing ... 
./images/fake/face_video_606.mp4 is processed, in 44 s
./images/fake/face_video_593.mp4 is processing ... 
./images/fake/face_video_593.mp4 is processed, in 60 s
./images/fake/face_video_277.mp4 is processing ... 
./images/fake/face_video_277.mp4 is processed, in 49 s
./images/fake/face_video_473.mp4 is processing ... 
./images/fake/face_video_473.mp4 is processed, in 95 s
./images/fake/face_video_1936.mp4 is processing ... 
./images/fake/face_video_1936.mp4 is processed, in 27 s
./images/fake/face_video_641.mp4 is processing ... 
./images/fake/face_video_641.mp4 is processed, in 39 s
./images/fake/face_video_469.mp4 is processing ... 
./images/fake/face_video_469.mp4 is processed, in 66 s
./images/fake/face_video_1019.mp4 is processing ... 
./images/fake/face_video_1019.mp4 is processed, in 25 s
./images/fake/face_video_119.mp4 is processing ... 
./images/fake/face_video_119.mp4 is processed, in 37 s
./images/fake/face_video_1841.mp4 is processing ... 
./images/fake/face_video_1841.mp4 is processed, in 39 s
./images/fake/face_video_730.mp4 is processing ... 
./images/fake/face_video_730.mp4 is processed, in 20 s
./images/fake/face_video_1486.mp4 is processing ... 
./images/fake/face_video_1486.mp4 is processed, in 24 s
./images/fake/face_video_397.mp4 is processing ... 
./images/fake/face_video_397.mp4 is processed, in 280 s
./images/real/00283.mp4 is processing ... 
./images/real/00283.mp4 is processed, in 52 s
./images/fake/face_video_824.mp4 is processing ... 
./images/fake/face_video_824.mp4 is processed, in 27 s
./images/fake/face_video_942.mp4 is processing ... 
./images/fake/face_video_942.mp4 is processed, in 69 s
./images/fake/face_video_1405.mp4 is processing ... 
./images/fake/face_video_1405.mp4 is processed, in 52 s
./images/fake/face_video_1308.mp4 is processing ... 
./images/fake/face_video_1308.mp4 is processed, in 24 s
./images/fake/face_video_1877.mp4 is processing ... 
./images/fake/face_video_1877.mp4 is processed, in 33 s
./images/fake/face_video_1901.mp4 is processing ... 
./images/fake/face_video_1901.mp4 is processed, in 46 s
./images/fake/face_video_1117.mp4 is processing ... 
./images/fake/face_video_1117.mp4 is processed, in 42 s
./images/fake/face_video_1403.mp4 is processing ... 
./images/fake/face_video_1403.mp4 is processed, in 26 s
./images/fake/face_video_1428.mp4 is processing ... 
./images/fake/face_video_1428.mp4 is processed, in 52 s
./images/fake/face_video_490.mp4 is processing ... 
./images/fake/face_video_490.mp4 is processed, in 156 s
./images/fake/face_video_955.mp4 is processing ... 
./images/fake/face_video_955.mp4 is processed, in 61 s
./images/fake/face_video_218.mp4 is processing ... 
./images/fake/face_video_218.mp4 is processed, in 38 s
./images/fake/face_video_1347.mp4 is processing ... 
./images/fake/face_video_1347.mp4 is processed, in 34 s
./images/fake/face_video_917.mp4 is processing ... 
./images/fake/face_video_917.mp4 is processed, in 39 s
./images/fake/face_video_1124.mp4 is processing ... 
./images/fake/face_video_1124.mp4 is processed, in 103 s
./images/fake/face_video_251.mp4 is processing ... 
./images/fake/face_video_251.mp4 is processed, in 27 s
./images/fake/face_video_1386.mp4 is processing ... 
./images/fake/face_video_1386.mp4 is processed, in 34 s
./images/fake/face_video_1949.mp4 is processing ... 
./images/fake/face_video_1949.mp4 is processed, in 34 s
./images/real/00013.mp4 is processing ... 
./images/real/00013.mp4 is processed, in 15 s
./images/real/00270.mp4 is processing ... 
./images/real/00270.mp4 is processed, in 41 s
./images/fake/face_video_1414.mp4 is processing ... 
./images/fake/face_video_1414.mp4 is processed, in 246 s
./images/real/00287.mp4 is processing ... 
./images/real/00287.mp4 is processed, in 57 s
./images/fake/face_video_263.mp4 is processing ... 
./images/fake/face_video_263.mp4 is processed, in 31 s
./images/fake/face_video_1709.mp4 is processing ... 
./images/fake/face_video_1709.mp4 is processed, in 47 s
./images/fake/face_video_1175.mp4 is processing ... 
./images/fake/face_video_1175.mp4 is processed, in 21 s
./images/fake/face_video_38.mp4 is processing ... 
./images/fake/face_video_38.mp4 is processed, in 33 s
./images/fake/face_video_1425.mp4 is processing ... 
./images/fake/face_video_1425.mp4 is processed, in 34 s
./images/fake/face_video_1327.mp4 is processing ... 
./images/fake/face_video_1327.mp4 is processed, in 22 s
./images/fake/face_video_1312.mp4 is processing ... 
./images/fake/face_video_1312.mp4 is processed, in 30 s
./images/fake/face_video_916.mp4 is processing ... 
./images/fake/face_video_916.mp4 is processed, in 27 s
./images/fake/face_video_799.mp4 is processing ... 
./images/fake/face_video_799.mp4 is processed, in 148 s
./images/fake/face_video_1458.mp4 is processing ... 
./images/fake/face_video_1458.mp4 is processed, in 32 s
./images/fake/face_video_1216.mp4 is processing ... 
./images/fake/face_video_1216.mp4 is processed, in 93 s
./images/fake/face_video_1252.mp4 is processing ... 
./images/fake/face_video_1252.mp4 is processed, in 32 s
./images/real/00286.mp4 is processing ... 
./images/real/00286.mp4 is processed, in 54 s
./images/fake/face_video_1858.mp4 is processing ... 
./images/fake/face_video_1858.mp4 is processed, in 24 s
./images/fake/face_video_1655.mp4 is processing ... 
./images/fake/face_video_1655.mp4 is processed, in 25 s
./images/real/00052.mp4 is processing ... 
./images/real/00052.mp4 is processed, in 48 s
./images/real/00088.mp4 is processing ... 
./images/real/00088.mp4 is processed, in 63 s
./images/real/00206.mp4 is processing ... 
./images/real/00206.mp4 is processed, in 15 s
./images/fake/face_video_1633.mp4 is processing ... 
./images/fake/face_video_1633.mp4 is processed, in 31 s
./images/fake/face_video_1431.mp4 is processing ... 
./images/fake/face_video_1431.mp4 is processed, in 40 s
./images/fake/face_video_1126.mp4 is processing ... 
./images/fake/face_video_1126.mp4 is processed, in 88 s
./images/fake/face_video_530.mp4 is processing ... 
./images/fake/face_video_530.mp4 is processed, in 38 s
./images/fake/face_video_1649.mp4 is processing ... 
./images/fake/face_video_1649.mp4 is processed, in 78 s
./images/fake/face_video_639.mp4 is processing ... 
./images/fake/face_video_639.mp4 is processed, in 20 s
./images/fake/face_video_1475.mp4 is processing ... 
./images/fake/face_video_1475.mp4 is processed, in 147 s
./images/fake/face_video_265.mp4 is processing ... 
./images/fake/face_video_265.mp4 is processed, in 57 s
./images/fake/face_video_686.mp4 is processing ... 
./images/fake/face_video_686.mp4 is processed, in 103 s
./images/fake/face_video_29.mp4 is processing ... 
./images/fake/face_video_29.mp4 is processed, in 35 s
./images/fake/face_video_245.mp4 is processing ... 
./images/fake/face_video_245.mp4 is processed, in 50 s
./images/fake/face_video_1240.mp4 is processing ... 
./images/fake/face_video_1240.mp4 is processed, in 80 s
./images/fake/face_video_1423.mp4 is processing ... 
./images/fake/face_video_1423.mp4 is processed, in 27 s
./images/fake/face_video_853.mp4 is processing ... 
./images/fake/face_video_853.mp4 is processed, in 34 s
./images/fake/face_video_1548.mp4 is processing ... 
./images/fake/face_video_1548.mp4 is processed, in 33 s
./images/fake/face_video_960.mp4 is processing ... 
./images/fake/face_video_960.mp4 is processed, in 23 s
./images/fake/face_video_1614.mp4 is processing ... 
./images/fake/face_video_1614.mp4 is processed, in 26 s
./images/fake/face_video_2051.mp4 is processing ... 
./images/fake/face_video_2051.mp4 is processed, in 30 s
./images/fake/face_video_1626.mp4 is processing ... 
./images/fake/face_video_1626.mp4 is processed, in 235 s
./images/fake/face_video_1395.mp4 is processing ... 
./images/fake/face_video_1395.mp4 is processed, in 22 s
./images/real/00054.mp4 is processing ... 
./images/real/00054.mp4 is processed, in 137 s
./images/fake/face_video_808.mp4 is processing ... 
./images/fake/face_video_808.mp4 is processed, in 27 s
./images/fake/face_video_1584.mp4 is processing ... 
./images/fake/face_video_1584.mp4 is processed, in 63 s
./images/fake/face_video_992.mp4 is processing ... 
./images/fake/face_video_992.mp4 is processed, in 117 s
./images/fake/face_video_1988.mp4 is processing ... 
./images/fake/face_video_1988.mp4 is processed, in 56 s
./images/fake/face_video_1928.mp4 is processing ... 
./images/fake/face_video_1928.mp4 is processed, in 24 s
./images/fake/face_video_460.mp4 is processing ... 
./images/fake/face_video_460.mp4 is processed, in 23 s
./images/fake/face_video_758.mp4 is processing ... 
./images/fake/face_video_758.mp4 is processed, in 31 s
./images/fake/face_video_1933.mp4 is processing ... 
./images/fake/face_video_1933.mp4 is processed, in 23 s
./images/fake/face_video_1543.mp4 is processing ... 
./images/fake/face_video_1543.mp4 is processed, in 27 s
./images/real/00121.mp4 is processing ... 
./images/real/00121.mp4 is processed, in 70 s
./images/fake/face_video_1703.mp4 is processing ... 
./images/fake/face_video_1703.mp4 is processed, in 27 s
./images/real/00086.mp4 is processing ... 
./images/real/00086.mp4 is processed, in 20 s
./images/real/00057.mp4 is processing ... 
./images/real/00057.mp4 is processed, in 140 s
./images/fake/face_video_61.mp4 is processing ... 
./images/fake/face_video_61.mp4 is processed, in 35 s
./images/fake/face_video_670.mp4 is processing ... 
./images/fake/face_video_670.mp4 is processed, in 72 s
./images/fake/face_video_1748.mp4 is processing ... 
./images/fake/face_video_1748.mp4 is processed, in 83 s
./images/fake/face_video_924.mp4 is processing ... 
./images/fake/face_video_924.mp4 is processed, in 25 s
./images/real/00330.mp4 is processing ... 
./images/real/00330.mp4 is processed, in 54 s
./images/fake/face_video_90.mp4 is processing ... 
./images/fake/face_video_90.mp4 is processed, in 24 s
./images/fake/face_video_981.mp4 is processing ... 
./images/fake/face_video_981.mp4 is processed, in 61 s
./images/fake/face_video_1249.mp4 is processing ... 
./images/fake/face_video_1249.mp4 is processed, in 26 s
./images/fake/face_video_1329.mp4 is processing ... 
./images/fake/face_video_1329.mp4 is processed, in 51 s
./images/fake/face_video_1723.mp4 is processing ... 
./images/fake/face_video_1723.mp4 is processed, in 22 s
./images/fake/face_video_976.mp4 is processing ... 
./images/fake/face_video_976.mp4 is processed, in 25 s
./images/fake/face_video_521.mp4 is processing ... 
./images/fake/face_video_521.mp4 is processed, in 71 s
./images/fake/face_video_759.mp4 is processing ... 
./images/fake/face_video_759.mp4 is processed, in 31 s
./images/fake/face_video_27.mp4 is processing ... 
./images/fake/face_video_27.mp4 is processed, in 34 s
./images/fake/face_video_1539.mp4 is processing ... 
./images/fake/face_video_1539.mp4 is processed, in 43 s
./images/fake/face_video_1319.mp4 is processing ... 
./images/fake/face_video_1319.mp4 is processed, in 42 s
./images/real/00060.mp4 is processing ... 
./images/real/00060.mp4 is processed, in 39 s
./images/fake/face_video_1430.mp4 is processing ... 
./images/fake/face_video_1430.mp4 is processed, in 140 s
./images/fake/face_video_1522.mp4 is processing ... 
./images/fake/face_video_1522.mp4 is processed, in 101 s
./images/fake/face_video_628.mp4 is processing ... 
./images/fake/face_video_628.mp4 is processed, in 29 s
./images/fake/face_video_347.mp4 is processing ... 
./images/fake/face_video_347.mp4 is processed, in 40 s
./images/fake/face_video_37.mp4 is processing ... 
./images/fake/face_video_37.mp4 is processed, in 30 s
./images/fake/face_video_991.mp4 is processing ... 
./images/fake/face_video_991.mp4 is processed, in 24 s
./images/fake/face_video_644.mp4 is processing ... 
./images/fake/face_video_644.mp4 is processed, in 34 s
./images/fake/face_video_737.mp4 is processing ... 
./images/fake/face_video_737.mp4 is processed, in 47 s
./images/fake/face_video_296.mp4 is processing ... 
./images/fake/face_video_296.mp4 is processed, in 35 s
./images/fake/face_video_748.mp4 is processing ... 
./images/fake/face_video_748.mp4 is processed, in 93 s
./images/fake/face_video_1765.mp4 is processing ... 
./images/fake/face_video_1765.mp4 is processed, in 37 s
./images/fake/face_video_242.mp4 is processing ... 
./images/fake/face_video_242.mp4 is processed, in 83 s
./images/fake/face_video_267.mp4 is processing ... 
./images/fake/face_video_267.mp4 is processed, in 21 s
./images/fake/face_video_317.mp4 is processing ... 
./images/fake/face_video_317.mp4 is processed, in 50 s
./images/fake/face_video_929.mp4 is processing ... 
./images/fake/face_video_929.mp4 is processed, in 72 s
./images/fake/face_video_255.mp4 is processing ... 
./images/fake/face_video_255.mp4 is processed, in 34 s
./images/fake/face_video_689.mp4 is processing ... 
./images/fake/face_video_689.mp4 is processed, in 30 s
./images/fake/face_video_964.mp4 is processing ... 
./images/fake/face_video_964.mp4 is processed, in 28 s
./images/fake/face_video_2062.mp4 is processing ... 
./images/fake/face_video_2062.mp4 is processed, in 129 s
./images/fake/face_video_651.mp4 is processing ... 
./images/fake/face_video_651.mp4 is processed, in 34 s
./images/fake/face_video_270.mp4 is processing ... 
./images/fake/face_video_270.mp4 is processed, in 21 s
./images/real/00301.mp4 is processing ... 
./images/real/00301.mp4 is processed, in 77 s
./images/fake/face_video_2019.mp4 is processing ... 
./images/fake/face_video_2019.mp4 is processed, in 82 s
./images/fake/face_video_330.mp4 is processing ... 
./images/fake/face_video_330.mp4 is processed, in 39 s
./images/fake/face_video_1497.mp4 is processing ... 
./images/fake/face_video_1497.mp4 is processed, in 25 s
./images/real/00104.mp4 is processing ... 
./images/real/00104.mp4 is processed, in 101 s
./images/fake/face_video_1560.mp4 is processing ... 
./images/fake/face_video_1560.mp4 is processed, in 45 s
./images/fake/face_video_1306.mp4 is processing ... 
./images/fake/face_video_1306.mp4 is processed, in 34 s
./images/fake/face_video_15.mp4 is processing ... 
./images/fake/face_video_15.mp4 is processed, in 54 s
./images/fake/face_video_1232.mp4 is processing ... 
./images/fake/face_video_1232.mp4 is processed, in 28 s
./images/real/00021.mp4 is processing ... 
./images/real/00021.mp4 is processed, in 28 s
./images/real/00047.mp4 is processing ... 
./images/real/00047.mp4 is processed, in 12 s
./images/fake/face_video_64.mp4 is processing ... 
./images/fake/face_video_64.mp4 is processed, in 67 s
./images/fake/face_video_1683.mp4 is processing ... 
./images/fake/face_video_1683.mp4 is processed, in 23 s
./images/fake/face_video_985.mp4 is processing ... 
./images/fake/face_video_985.mp4 is processed, in 55 s
./images/real/00185.mp4 is processing ... 
./images/real/00185.mp4 is processed, in 71 s
./images/fake/face_video_837.mp4 is processing ... 
./images/fake/face_video_837.mp4 is processed, in 52 s
./images/fake/face_video_278.mp4 is processing ... 
./images/fake/face_video_278.mp4 is processed, in 203 s
./images/fake/face_video_1245.mp4 is processing ... 
./images/fake/face_video_1245.mp4 is processed, in 158 s
./images/fake/face_video_858.mp4 is processing ... 
./images/fake/face_video_858.mp4 is processed, in 25 s
./images/fake/face_video_2061.mp4 is processing ... 
./images/fake/face_video_2061.mp4 is processed, in 36 s
./images/fake/face_video_1929.mp4 is processing ... 
./images/fake/face_video_1929.mp4 is processed, in 23 s
./images/fake/face_video_1926.mp4 is processing ... 
./images/fake/face_video_1926.mp4 is processed, in 21 s
./images/fake/face_video_1684.mp4 is processing ... 
./images/fake/face_video_1684.mp4 is processed, in 35 s
./images/fake/face_video_1122.mp4 is processing ... 
./images/fake/face_video_1122.mp4 is processed, in 35 s
./images/fake/face_video_1502.mp4 is processing ... 
./images/fake/face_video_1502.mp4 is processed, in 180 s
./images/fake/face_video_1733.mp4 is processing ... 
./images/fake/face_video_1733.mp4 is processed, in 53 s
./images/fake/face_video_732.mp4 is processing ... 
./images/fake/face_video_732.mp4 is processed, in 23 s
./images/fake/face_video_1446.mp4 is processing ... 
./images/fake/face_video_1446.mp4 is processed, in 97 s
./images/fake/face_video_795.mp4 is processing ... 
./images/fake/face_video_795.mp4 is processed, in 34 s
./images/fake/face_video_1710.mp4 is processing ... 
./images/fake/face_video_1710.mp4 is processed, in 52 s
./images/fake/face_video_445.mp4 is processing ... 
./images/fake/face_video_445.mp4 is processed, in 25 s
./images/fake/face_video_501.mp4 is processing ... 
./images/fake/face_video_501.mp4 is processed, in 79 s
./images/fake/face_video_259.mp4 is processing ... 
./images/fake/face_video_259.mp4 is processed, in 35 s
./images/real/00094.mp4 is processing ... 
